<?xml version="1.0" encoding="UTF-8"?>
<!-- Generated by org.testng.reporters.JUnitXMLReporter -->
<testsuite hostname="Diya" ignored="4" name="Smoke Test" tests="1" failures="0" timestamp="2022-12-12T13:18:38 GMT" time="19.523" errors="0">
  <testcase name="bankManagerShouldOpenAccountSuccessfully" time="6.616" classname="com.bank.testsuite.BankTest"/>
  <testcase name="customerShouldDepositMoneySuccessfully" time="0.0" classname="com.bank.testsuite.BankTest">
    <ignored/>
  </testcase> <!-- customerShouldDepositMoneySuccessfully -->
  <testcase name="BankManagerShouldAddCustomerSuccessfully" time="0.0" classname="com.bank.testsuite.BankTest">
    <ignored/>
  </testcase> <!-- BankManagerShouldAddCustomerSuccessfully -->
  <testcase name="customerShouldWithdrawMoneySuccessful" time="0.0" classname="com.bank.testsuite.BankTest">
    <ignored/>
  </testcase> <!-- customerShouldWithdrawMoneySuccessful -->
  <testcase name="customerShouldLoginAndLogoutSuccessfully" time="0.0" classname="com.bank.testsuite.BankTest">
    <ignored/>
  </testcase> <!-- customerShouldLoginAndLogoutSuccessfully -->
</testsuite> <!-- Smoke Test -->
