<?xml version="1.0" encoding="UTF-8"?>
<!-- Generated by org.testng.reporters.JUnitXMLReporter -->
<testsuite hostname="Diya" ignored="4" name="Sanity Test" tests="1" failures="0" timestamp="2022-12-11T23:27:48 GMT" time="6.012" errors="0">
  <testcase name="BankManagerShouldAddCustomerSuccessfully" time="1.179" classname="com.bank.testsuite.BankTest"/>
  <testcase name="customerShouldDepositMoneySuccessfully" time="0.0" classname="com.bank.testsuite.BankTest">
    <ignored/>
  </testcase> <!-- customerShouldDepositMoneySuccessfully -->
  <testcase name="customerShouldWithdrawMoneySuccessful" time="0.0" classname="com.bank.testsuite.BankTest">
    <ignored/>
  </testcase> <!-- customerShouldWithdrawMoneySuccessful -->
  <testcase name="customerShouldLoginAndLogoutSuccessfully" time="0.0" classname="com.bank.testsuite.BankTest">
    <ignored/>
  </testcase> <!-- customerShouldLoginAndLogoutSuccessfully -->
  <testcase name="bankManagerShouldOpenAccountSuccessfully" time="0.0" classname="com.bank.testsuite.BankTest">
    <ignored/>
  </testcase> <!-- bankManagerShouldOpenAccountSuccessfully -->
</testsuite> <!-- Sanity Test -->
