<?xml version="1.0" encoding="UTF-8"?>
<!-- Generated by org.testng.reporters.JUnitXMLReporter -->
<testsuite hostname="Diya" ignored="0" name="Regression Test" tests="5" failures="0" timestamp="2022-12-12T15:41:25 GMT" time="56.565" errors="0">
  <testcase name="BankManagerShouldAddCustomerSuccessfully" time="1.232" classname="com.bank.testsuite.BankTest"/>
  <testcase name="bankManagerShouldOpenAccountSuccessfully" time="6.229" classname="com.bank.testsuite.BankTest"/>
  <testcase name="customerShouldDepositMoneySuccessfully" time="12.044" classname="com.bank.testsuite.BankTest"/>
  <testcase name="customerShouldLoginAndLogoutSuccessfully" time="3.221" classname="com.bank.testsuite.BankTest"/>
  <testcase name="customerShouldWithdrawMoneySuccessful" time="1.58" classname="com.bank.testsuite.BankTest"/>
</testsuite> <!-- Regression Test -->
