<?xml version="1.0" encoding="UTF-8"?>
<!-- Generated by org.testng.reporters.JUnitXMLReporter -->
<testsuite hostname="Diya" ignored="0" name="Bank Test" tests="5" failures="0" timestamp="2022-12-12T16:07:39 GMT" time="51.96" errors="0">
  <testcase name="BankManagerShouldAddCustomerSuccessfully" time="1.209" classname="com.bank.testsuite.BankTest"/>
  <testcase name="bankManagerShouldOpenAccountSuccessfully" time="6.274" classname="com.bank.testsuite.BankTest"/>
  <testcase name="customerShouldDepositMoneySuccessfully" time="17.007" classname="com.bank.testsuite.BankTest"/>
  <testcase name="customerShouldLoginAndLogoutSuccessfully" time="3.983" classname="com.bank.testsuite.BankTest"/>
  <testcase name="customerShouldWithdrawMoneySuccessful" time="2.16" classname="com.bank.testsuite.BankTest"/>
</testsuite> <!-- Bank Test -->
