<?xml version="1.0" encoding="UTF-8"?>
<!-- Generated by org.testng.reporters.JUnitXMLReporter -->
<testsuite hostname="Diya" ignored="0" name="Login Test" tests="5" failures="0" timestamp="2022-12-12T16:05:35 GMT" time="58.975" errors="0">
  <testcase name="BankManagerShouldAddCustomerSuccessfully" time="1.16" classname="com.bank.testsuite.BankTest"/>
  <testcase name="bankManagerShouldOpenAccountSuccessfully" time="6.23" classname="com.bank.testsuite.BankTest"/>
  <testcase name="customerShouldDepositMoneySuccessfully" time="16.901" classname="com.bank.testsuite.BankTest"/>
  <testcase name="customerShouldLoginAndLogoutSuccessfully" time="3.049" classname="com.bank.testsuite.BankTest"/>
  <testcase name="customerShouldWithdrawMoneySuccessful" time="1.472" classname="com.bank.testsuite.BankTest"/>
</testsuite> <!-- Login Test -->
